<?xml version="1.0" encoding="UTF-8"?>
<!-- Generated by org.testng.reporters.JUnitXMLReporter -->
<testsuite ignored="0" hostname="Fastlane" failures="0" tests="4" name="Default test" time="5.406" errors="0" timestamp="2023-06-10T17:07:22 IST">
  <testcase classname="basicRequests.HTTPRequests" name="getUser" time="3.382"/>
  <testcase classname="basicRequests.HTTPRequests" name="createUser" time="1.136"/>
  <testcase classname="basicRequests.HTTPRequests" name="updateUser" time="0.435"/>
  <testcase classname="basicRequests.HTTPRequests" name="deleteUser" time="0.389"/>
</testsuite> <!-- Default test -->
