<?xml version="1.0" encoding="UTF-8"?>
<testng-results ignored="0" total="4" passed="4" failed="0" skipped="0">
  <reporter-output>
  </reporter-output>
  <suite started-at="2023-06-10T17:07:17 IST" name="Default suite" finished-at="2023-06-10T17:07:22 IST" duration-ms="5406">
    <groups>
    </groups>
    <test started-at="2023-06-10T17:07:17 IST" name="Default test" finished-at="2023-06-10T17:07:22 IST" duration-ms="5406">
      <class name="basicRequests.HTTPRequests">
        <test-method signature="getUser()[pri:1, instance:basicRequests.HTTPRequests@1139b2f3]" started-at="2023-06-10T17:07:17 IST" name="getUser" finished-at="2023-06-10T17:07:20 IST" duration-ms="3382" status="PASS">
          <reporter-output>
          </reporter-output>
        </test-method> <!-- getUser -->
        <test-method signature="createUser()[pri:2, instance:basicRequests.HTTPRequests@1139b2f3]" started-at="2023-06-10T17:07:20 IST" name="createUser" finished-at="2023-06-10T17:07:21 IST" duration-ms="1136" status="PASS">
          <reporter-output>
          </reporter-output>
        </test-method> <!-- createUser -->
        <test-method signature="updateUser()[pri:3, instance:basicRequests.HTTPRequests@1139b2f3]" started-at="2023-06-10T17:07:21 IST" name="updateUser" finished-at="2023-06-10T17:07:22 IST" depends-on-methods="basicRequests.HTTPRequests.createUser" duration-ms="435" status="PASS">
          <reporter-output>
          </reporter-output>
        </test-method> <!-- updateUser -->
        <test-method signature="deleteUser()[pri:4, instance:basicRequests.HTTPRequests@1139b2f3]" started-at="2023-06-10T17:07:22 IST" name="deleteUser" finished-at="2023-06-10T17:07:22 IST" duration-ms="389" status="PASS">
          <reporter-output>
          </reporter-output>
        </test-method> <!-- deleteUser -->
      </class> <!-- basicRequests.HTTPRequests -->
    </test> <!-- Default test -->
  </suite> <!-- Default suite -->
</testng-results>
